<?xml version="1.0" encoding="UTF-8"?>
<!-- Generated by org.testng.reporters.JUnitReportReporter -->
<testsuite hostname="Krishnas-MacBook-Pro.local" failures="0" tests="20" name="com.dsalgoproject.testrunner.RunnerFile" time="19.566" errors="0" timestamp="2023-07-21T22:32:14 EDT" skipped="0">
  <testcase classname="com.dsalgoproject.testrunner.RunnerFile" name="runScenario" time="0.434"/>
  <system-out/>
  <testcase classname="com.dsalgoproject.testrunner.RunnerFile" name="runScenario" time="0.346"/>
  <system-out/>
  <testcase classname="com.dsalgoproject.testrunner.RunnerFile" name="runScenario" time="0.535"/>
  <system-out/>
  <testcase classname="com.dsalgoproject.testrunner.RunnerFile" name="runScenario" time="1.491"/>
  <system-out/>
  <testcase classname="com.dsalgoproject.testrunner.RunnerFile" name="runScenario" time="0.485"/>
  <system-out/>
  <testcase classname="com.dsalgoproject.testrunner.RunnerFile" name="runScenario" time="0.523"/>
  <system-out/>
  <testcase classname="com.dsalgoproject.testrunner.RunnerFile" name="runScenario" time="0.200"/>
  <system-out/>
  <testcase classname="com.dsalgoproject.testrunner.RunnerFile" name="runScenario" time="1.542"/>
  <system-out/>
  <testcase classname="com.dsalgoproject.testrunner.RunnerFile" name="runScenario" time="1.387"/>
  <system-out/>
  <testcase classname="com.dsalgoproject.testrunner.RunnerFile" name="runScenario" time="0.584"/>
  <system-out/>
  <testcase classname="com.dsalgoproject.testrunner.RunnerFile" name="runScenario" time="1.530"/>
  <system-out/>
  <testcase classname="com.dsalgoproject.testrunner.RunnerFile" name="runScenario" time="1.401"/>
  <system-out/>
  <testcase classname="com.dsalgoproject.testrunner.RunnerFile" name="runScenario" time="0.495"/>
  <system-out/>
  <testcase classname="com.dsalgoproject.testrunner.RunnerFile" name="runScenario" time="0.727"/>
  <system-out/>
  <testcase classname="com.dsalgoproject.testrunner.RunnerFile" name="runScenario" time="0.463"/>
  <system-out/>
  <testcase classname="com.dsalgoproject.testrunner.RunnerFile" name="runScenario" time="4.511"/>
  <system-out/>
  <testcase classname="com.dsalgoproject.testrunner.RunnerFile" name="runScenario" time="0.340"/>
  <system-out/>
  <testcase classname="com.dsalgoproject.testrunner.RunnerFile" name="runScenario" time="0.450"/>
  <system-out/>
  <testcase classname="com.dsalgoproject.testrunner.RunnerFile" name="runScenario" time="0.532"/>
  <system-out/>
  <testcase classname="com.dsalgoproject.testrunner.RunnerFile" name="runScenario" time="1.590"/>
  <system-out/>
</testsuite> <!-- com.dsalgoproject.testrunner.RunnerFile -->
